<?xml version="1.0" encoding="UTF-8" standalone="no" ?>
<coverage branch-rate="NaN" branches-covered="NaN" branches-valid="NaN" complexity="NaN" line-rate="0.76504" lines-covered="534" lines-valid="698" timestamp="1741543118.8053" version="">
  <sources>
    <source>/home/runner/work/astroDynamics/astroDynamics/</source>
  </sources>
  <packages>
    <package branch-rate="NaN" complexity="NaN" line-rate="0.76504" name="">
      <classes>
        <class branch-rate="NaN" complexity="NaN" filename="classes/interfaces/MassiveBodyDeltaInterface.m" line-rate="NaN" name="MassiveBodyDeltaInterface">
          <methods>
            <method branch-rate="NaN" line-rate="NaN" name="plus" signature="objReturn = plus(obj1, obj2)">
              <lines/>
            </method>
            <method branch-rate="NaN" line-rate="NaN" name="mtimes" signature="objReturn = mtimes(obj1, obj2)">
              <lines/>
            </method>
          </methods>
          <lines/>
        </class>
        <class branch-rate="NaN" complexity="NaN" filename="classes/interfaces/MassiveBodyInterface.m" line-rate="1" name="MassiveBodyInterface">
          <methods>
            <method branch-rate="NaN" line-rate="1" name="setPosition" signature="obj = setPosition(obj, newPosX, newPosY)">
              <lines>
                <line hits="8075" number="30"/>
                <line hits="8075" number="31"/>
              </lines>
            </method>
            <method branch-rate="NaN" line-rate="1" name="setVelocity" signature="obj = setVelocity(obj, newVelX, newVelY)">
              <lines>
                <line hits="8075" number="42"/>
                <line hits="8075" number="43"/>
              </lines>
            </method>
            <method branch-rate="NaN" line-rate="NaN" name="setMass" signature="obj = setMass(obj, newMass)">
              <lines/>
            </method>
            <method branch-rate="NaN" line-rate="NaN" name="getForceDensityGeneratedByBody" signature="forceDensity = getForceDensityGeneratedByBody(obj, posForceX, posForceY)">
              <lines/>
            </method>
            <method branch-rate="NaN" line-rate="NaN" name="calculateDeltaTself" signature="deltaT = calculateDeltaTself(obj, dT)">
              <lines/>
            </method>
            <method branch-rate="NaN" line-rate="NaN" name="calculateDeltaTfromForceSource" signature="deltaT = calculateDeltaTfromForceSource(obj, massivBodyFieldSource, dT)">
              <lines/>
            </method>
            <method branch-rate="NaN" line-rate="NaN" name="getZeroDelta" signature="deltaT = getZeroDelta(obj)">
              <lines/>
            </method>
            <method branch-rate="NaN" line-rate="NaN" name="plus" signature="objReturn = plus(obj1, obj2)">
              <lines/>
            </method>
            <method branch-rate="NaN" line-rate="NaN" name="plot" signature="plot(obj)">
              <lines/>
            </method>
          </methods>
          <lines>
            <line hits="8075" number="26"/>
            <line hits="8075" number="27"/>
            <line hits="8075" number="30"/>
            <line hits="8075" number="31"/>
            <line hits="8075" number="38"/>
            <line hits="8075" number="39"/>
            <line hits="8075" number="42"/>
            <line hits="8075" number="43"/>
          </lines>
        </class>
        <class branch-rate="NaN" complexity="NaN" filename="classes/src/MassiveBodies/SphericalMass/SphericalMass.m" line-rate="0.78788" name="SphericalMass">
          <methods>
            <method branch-rate="NaN" line-rate="0.80769" name="SphericalMass" signature="obj = SphericalMass(varargin)">
              <lines>
                <line hits="57" number="26"/>
                <line hits="3" number="27"/>
                <line hits="3" number="28"/>
                <line hits="3" number="29"/>
                <line hits="3" number="30"/>
                <line hits="54" number="32"/>
                <line hits="33" number="33"/>
                <line hits="33" number="34"/>
                <line hits="33" number="35"/>
                <line hits="33" number="36"/>
                <line hits="21" number="38"/>
                <line hits="13" number="39"/>
                <line hits="13" number="40"/>
                <line hits="13" number="41"/>
                <line hits="13" number="42"/>
                <line hits="8" number="44"/>
                <line hits="0" number="45"/>
                <line hits="0" number="46"/>
                <line hits="0" number="47"/>
                <line hits="0" number="48"/>
                <line hits="8" number="50"/>
                <line hits="8" number="51"/>
                <line hits="8" number="52"/>
                <line hits="8" number="53"/>
                <line hits="8" number="54"/>
                <line hits="0" number="57"/>
              </lines>
            </method>
            <method branch-rate="NaN" line-rate="1" name="setDensity" signature="obj = setDensity(obj, newDensity)">
              <lines>
                <line hits="90" number="71"/>
              </lines>
            </method>
            <method branch-rate="NaN" line-rate="1" name="setMass" signature="obj = setMass(obj, newMass)">
              <lines>
                <line hits="90" number="82"/>
              </lines>
            </method>
            <method branch-rate="NaN" line-rate="1" name="get.radius" signature="r = get.radius(obj)">
              <lines>
                <line hits="8049" number="86"/>
              </lines>
            </method>
            <method branch-rate="NaN" line-rate="1" name="getForceDensityGeneratedByBody" signature="forceDensity = getForceDensityGeneratedByBody(obj, posForceX, posForceY)">
              <lines>
                <line hits="8048" number="104"/>
                <line hits="8048" number="105"/>
                <line hits="8048" number="106"/>
                <line hits="8036" number="107"/>
                <line hits="12" number="109"/>
              </lines>
            </method>
            <method branch-rate="NaN" line-rate="0.85714" name="plus" signature="objReturn = plus(obj1, obj2)">
              <lines>
                <line hits="8018" number="114"/>
                <line hits="8018" number="115"/>
                <line hits="8018" number="117"/>
                <line hits="8018" number="118"/>
                <line hits="8018" number="119"/>
                <line hits="8018" number="120"/>
                <line hits="0" number="122"/>
              </lines>
            </method>
            <method branch-rate="NaN" line-rate="1" name="calculateDeltaTself" signature="deltaT = calculateDeltaTself(obj, dT)">
              <lines>
                <line hits="8013" number="141"/>
                <line hits="8013" number="142"/>
                <line hits="8013" number="143"/>
                <line hits="8013" number="144"/>
                <line hits="8013" number="145"/>
              </lines>
            </method>
            <method branch-rate="NaN" line-rate="1" name="calculateDeltaTfromForceSource" signature="deltaT = calculateDeltaTfromForceSource(obj, massivBodyFieldSource, dT)">
              <lines>
                <line hits="8011" number="166"/>
                <line hits="8011" number="168"/>
                <line hits="8011" number="169"/>
                <line hits="8011" number="170"/>
                <line hits="8011" number="171"/>
                <line hits="8011" number="172"/>
              </lines>
            </method>
            <method branch-rate="NaN" line-rate="0" name="getZeroDelta" signature="deltaT = getZeroDelta(obj)">
              <lines>
                <line hits="0" number="177"/>
              </lines>
            </method>
            <method branch-rate="NaN" line-rate="0" name="plot" signature="plot(obj)">
              <lines>
                <line hits="0" number="182"/>
                <line hits="0" number="183"/>
                <line hits="0" number="184"/>
                <line hits="0" number="185"/>
                <line hits="0" number="186"/>
                <line hits="0" number="187"/>
                <line hits="0" number="188"/>
              </lines>
            </method>
          </methods>
          <lines>
            <line hits="57" number="26"/>
            <line hits="3" number="27"/>
            <line hits="3" number="28"/>
            <line hits="3" number="29"/>
            <line hits="3" number="30"/>
            <line hits="54" number="32"/>
            <line hits="33" number="33"/>
            <line hits="33" number="34"/>
            <line hits="33" number="35"/>
            <line hits="33" number="36"/>
            <line hits="21" number="38"/>
            <line hits="13" number="39"/>
            <line hits="13" number="40"/>
            <line hits="13" number="41"/>
            <line hits="13" number="42"/>
            <line hits="8" number="44"/>
            <line hits="0" number="45"/>
            <line hits="0" number="46"/>
            <line hits="0" number="47"/>
            <line hits="0" number="48"/>
            <line hits="8" number="50"/>
            <line hits="8" number="51"/>
            <line hits="8" number="52"/>
            <line hits="8" number="53"/>
            <line hits="8" number="54"/>
            <line hits="0" number="57"/>
            <line hits="90" number="68"/>
            <line hits="90" number="71"/>
            <line hits="90" number="79"/>
            <line hits="90" number="82"/>
            <line hits="8049" number="86"/>
            <line hits="8048" number="101"/>
            <line hits="8048" number="102"/>
            <line hits="8048" number="104"/>
            <line hits="8048" number="105"/>
            <line hits="8048" number="106"/>
            <line hits="8036" number="107"/>
            <line hits="12" number="109"/>
            <line hits="8018" number="114"/>
            <line hits="8018" number="115"/>
            <line hits="8018" number="117"/>
            <line hits="8018" number="118"/>
            <line hits="8018" number="119"/>
            <line hits="8018" number="120"/>
            <line hits="0" number="122"/>
            <line hits="8013" number="138"/>
            <line hits="8013" number="141"/>
            <line hits="8013" number="142"/>
            <line hits="8013" number="143"/>
            <line hits="8013" number="144"/>
            <line hits="8013" number="145"/>
            <line hits="8011" number="164"/>
            <line hits="8011" number="166"/>
            <line hits="8011" number="168"/>
            <line hits="8011" number="169"/>
            <line hits="8011" number="170"/>
            <line hits="8011" number="171"/>
            <line hits="8011" number="172"/>
            <line hits="0" number="177"/>
            <line hits="0" number="182"/>
            <line hits="0" number="183"/>
            <line hits="0" number="184"/>
            <line hits="0" number="185"/>
            <line hits="0" number="186"/>
            <line hits="0" number="187"/>
            <line hits="0" number="188"/>
          </lines>
        </class>
        <class branch-rate="NaN" complexity="NaN" filename="classes/src/MassiveBodies/SphericalMass/SphericalMassDelta.m" line-rate="0.93103" name="SphericalMassDelta">
          <methods>
            <method branch-rate="NaN" line-rate="1" name="SphericalMassDelta" signature="obj = SphericalMassDelta(deltaPosX, deltaPosY, deltaVelX, deltaVelY)">
              <lines>
                <line hits="40055" number="23"/>
                <line hits="40055" number="24"/>
                <line hits="40055" number="25"/>
                <line hits="40055" number="26"/>
              </lines>
            </method>
            <method branch-rate="NaN" line-rate="0.88889" name="plus" signature="objReturn = plus(obj1, obj2)">
              <lines>
                <line hits="14018" number="30"/>
                <line hits="2" number="31"/>
                <line hits="14016" number="32"/>
                <line hits="14016" number="33"/>
                <line hits="14016" number="34"/>
                <line hits="14016" number="35"/>
                <line hits="14016" number="36"/>
                <line hits="14016" number="37"/>
                <line hits="0" number="39"/>
              </lines>
            </method>
            <method branch-rate="NaN" line-rate="0.91667" name="mtimes" signature="objReturn = mtimes(obj1, obj2)">
              <lines>
                <line hits="10014" number="44"/>
                <line hits="2" number="45"/>
                <line hits="2" number="46"/>
                <line hits="10012" number="47"/>
                <line hits="10012" number="48"/>
                <line hits="10012" number="49"/>
                <line hits="0" number="51"/>
                <line hits="10014" number="54"/>
                <line hits="10014" number="55"/>
                <line hits="10014" number="56"/>
                <line hits="10014" number="57"/>
                <line hits="10014" number="58"/>
              </lines>
            </method>
          </methods>
          <lines>
            <line hits="40055" number="18"/>
            <line hits="40055" number="19"/>
            <line hits="40055" number="20"/>
            <line hits="40055" number="21"/>
            <line hits="40055" number="23"/>
            <line hits="40055" number="24"/>
            <line hits="40055" number="25"/>
            <line hits="40055" number="26"/>
            <line hits="14018" number="30"/>
            <line hits="2" number="31"/>
            <line hits="14016" number="32"/>
            <line hits="14016" number="33"/>
            <line hits="14016" number="34"/>
            <line hits="14016" number="35"/>
            <line hits="14016" number="36"/>
            <line hits="14016" number="37"/>
            <line hits="0" number="39"/>
            <line hits="10014" number="44"/>
            <line hits="2" number="45"/>
            <line hits="2" number="46"/>
            <line hits="10012" number="47"/>
            <line hits="10012" number="48"/>
            <line hits="10012" number="49"/>
            <line hits="0" number="51"/>
            <line hits="10014" number="54"/>
            <line hits="10014" number="55"/>
            <line hits="10014" number="56"/>
            <line hits="10014" number="57"/>
            <line hits="10014" number="58"/>
          </lines>
        </class>
        <class branch-rate="NaN" complexity="NaN" filename="classes/src/MassiveBodies/SphericalMass/test/SphericalMassDynamics_test.m" line-rate="1" name="SphericalMassDynamics_test">
          <methods>
            <method branch-rate="NaN" line-rate="1" name="checkCalculateDeltaTselfZeroVelocity" signature="checkCalculateDeltaTselfZeroVelocity(testCase)">
              <lines>
                <line hits="1" number="15"/>
                <line hits="1" number="18"/>
                <line hits="1" number="19"/>
                <line hits="1" number="20"/>
                <line hits="1" number="21"/>
                <line hits="1" number="24"/>
                <line hits="1" number="25"/>
                <line hits="1" number="28"/>
                <line hits="1" number="29"/>
                <line hits="1" number="30"/>
                <line hits="1" number="31"/>
                <line hits="1" number="33"/>
                <line hits="1" number="34"/>
                <line hits="1" number="36"/>
              </lines>
            </method>
            <method branch-rate="NaN" line-rate="1" name="checkCalculateDeltaTselfFiniteVelocity" signature="checkCalculateDeltaTselfFiniteVelocity(testCase)">
              <lines>
                <line hits="1" number="45"/>
                <line hits="1" number="48"/>
                <line hits="1" number="49"/>
                <line hits="1" number="50"/>
                <line hits="1" number="51"/>
                <line hits="1" number="54"/>
                <line hits="1" number="55"/>
                <line hits="1" number="58"/>
                <line hits="1" number="59"/>
                <line hits="1" number="60"/>
                <line hits="1" number="61"/>
                <line hits="1" number="63"/>
                <line hits="1" number="64"/>
                <line hits="1" number="66"/>
              </lines>
            </method>
            <method branch-rate="NaN" line-rate="1" name="checkDynamicCentralMassAction" signature="checkDynamicCentralMassAction(testCase)">
              <lines>
                <line hits="1" number="74"/>
                <line hits="1" number="77"/>
                <line hits="1" number="78"/>
                <line hits="1" number="79"/>
                <line hits="1" number="80"/>
                <line hits="1" number="82"/>
                <line hits="1" number="83"/>
                <line hits="1" number="86"/>
                <line hits="1" number="87"/>
                <line hits="1" number="88"/>
                <line hits="1" number="89"/>
                <line hits="1" number="92"/>
                <line hits="1" number="93"/>
                <line hits="1" number="94"/>
                <line hits="1" number="95"/>
                <line hits="1" number="97"/>
                <line hits="1" number="98"/>
                <line hits="1" number="99"/>
                <line hits="1" number="100"/>
                <line hits="1" number="102"/>
              </lines>
            </method>
            <method branch-rate="NaN" line-rate="1" name="verifySphericalMassProperties" signature="verifySphericalMassProperties(testCase, massSphere, expPosX, expPosY, expVelX, expVelY, expMass, expDensity)">
              <lines>
                <line hits="3" number="109"/>
                <line hits="3" number="110"/>
                <line hits="3" number="111"/>
                <line hits="3" number="112"/>
                <line hits="3" number="114"/>
                <line hits="3" number="115"/>
                <line hits="3" number="117"/>
                <line hits="3" number="118"/>
                <line hits="3" number="119"/>
                <line hits="3" number="120"/>
                <line hits="3" number="121"/>
                <line hits="3" number="122"/>
              </lines>
            </method>
          </methods>
          <lines>
            <line hits="1" number="15"/>
            <line hits="1" number="18"/>
            <line hits="1" number="19"/>
            <line hits="1" number="20"/>
            <line hits="1" number="21"/>
            <line hits="1" number="24"/>
            <line hits="1" number="25"/>
            <line hits="1" number="28"/>
            <line hits="1" number="29"/>
            <line hits="1" number="30"/>
            <line hits="1" number="31"/>
            <line hits="1" number="33"/>
            <line hits="1" number="34"/>
            <line hits="1" number="36"/>
            <line hits="1" number="45"/>
            <line hits="1" number="48"/>
            <line hits="1" number="49"/>
            <line hits="1" number="50"/>
            <line hits="1" number="51"/>
            <line hits="1" number="54"/>
            <line hits="1" number="55"/>
            <line hits="1" number="58"/>
            <line hits="1" number="59"/>
            <line hits="1" number="60"/>
            <line hits="1" number="61"/>
            <line hits="1" number="63"/>
            <line hits="1" number="64"/>
            <line hits="1" number="66"/>
            <line hits="1" number="74"/>
            <line hits="1" number="77"/>
            <line hits="1" number="78"/>
            <line hits="1" number="79"/>
            <line hits="1" number="80"/>
            <line hits="1" number="82"/>
            <line hits="1" number="83"/>
            <line hits="1" number="86"/>
            <line hits="1" number="87"/>
            <line hits="1" number="88"/>
            <line hits="1" number="89"/>
            <line hits="1" number="92"/>
            <line hits="1" number="93"/>
            <line hits="1" number="94"/>
            <line hits="1" number="95"/>
            <line hits="1" number="97"/>
            <line hits="1" number="98"/>
            <line hits="1" number="99"/>
            <line hits="1" number="100"/>
            <line hits="1" number="102"/>
            <line hits="3" number="109"/>
            <line hits="3" number="110"/>
            <line hits="3" number="111"/>
            <line hits="3" number="112"/>
            <line hits="3" number="114"/>
            <line hits="3" number="115"/>
            <line hits="3" number="117"/>
            <line hits="3" number="118"/>
            <line hits="3" number="119"/>
            <line hits="3" number="120"/>
            <line hits="3" number="121"/>
            <line hits="3" number="122"/>
          </lines>
        </class>
        <class branch-rate="NaN" complexity="NaN" filename="classes/src/MassiveBodies/SphericalMass/test/SphericalMassOperatorOverload_test.m" line-rate="1" name="SphericalMassOperatorOverload_test">
          <methods>
            <method branch-rate="NaN" line-rate="1" name="checkPlusOperatorOverload" signature="checkPlusOperatorOverload(testCase)">
              <lines>
                <line hits="1" number="17"/>
                <line hits="1" number="18"/>
                <line hits="1" number="19"/>
                <line hits="1" number="20"/>
                <line hits="1" number="23"/>
                <line hits="1" number="24"/>
                <line hits="1" number="27"/>
                <line hits="1" number="28"/>
                <line hits="1" number="29"/>
                <line hits="1" number="30"/>
                <line hits="1" number="33"/>
                <line hits="1" number="36"/>
                <line hits="1" number="37"/>
                <line hits="1" number="38"/>
                <line hits="1" number="39"/>
                <line hits="1" number="41"/>
                <line hits="1" number="42"/>
                <line hits="1" number="44"/>
                <line hits="1" number="45"/>
                <line hits="1" number="46"/>
                <line hits="1" number="47"/>
                <line hits="1" number="49"/>
                <line hits="1" number="50"/>
                <line hits="1" number="51"/>
                <line hits="1" number="52"/>
              </lines>
            </method>
            <method branch-rate="NaN" line-rate="1" name="verifySphericalMassProperties" signature="verifySphericalMassProperties(testCase, massSphere, expPosX, expPosY, expVelX, expVelY, expMass, expDensity)">
              <lines>
                <line hits="4" number="59"/>
                <line hits="4" number="60"/>
                <line hits="4" number="61"/>
                <line hits="4" number="62"/>
                <line hits="4" number="64"/>
                <line hits="4" number="65"/>
                <line hits="4" number="67"/>
                <line hits="4" number="68"/>
                <line hits="4" number="69"/>
                <line hits="4" number="70"/>
                <line hits="4" number="71"/>
                <line hits="4" number="72"/>
              </lines>
            </method>
          </methods>
          <lines>
            <line hits="1" number="17"/>
            <line hits="1" number="18"/>
            <line hits="1" number="19"/>
            <line hits="1" number="20"/>
            <line hits="1" number="23"/>
            <line hits="1" number="24"/>
            <line hits="1" number="27"/>
            <line hits="1" number="28"/>
            <line hits="1" number="29"/>
            <line hits="1" number="30"/>
            <line hits="1" number="33"/>
            <line hits="1" number="36"/>
            <line hits="1" number="37"/>
            <line hits="1" number="38"/>
            <line hits="1" number="39"/>
            <line hits="1" number="41"/>
            <line hits="1" number="42"/>
            <line hits="1" number="44"/>
            <line hits="1" number="45"/>
            <line hits="1" number="46"/>
            <line hits="1" number="47"/>
            <line hits="1" number="49"/>
            <line hits="1" number="50"/>
            <line hits="1" number="51"/>
            <line hits="1" number="52"/>
            <line hits="4" number="59"/>
            <line hits="4" number="60"/>
            <line hits="4" number="61"/>
            <line hits="4" number="62"/>
            <line hits="4" number="64"/>
            <line hits="4" number="65"/>
            <line hits="4" number="67"/>
            <line hits="4" number="68"/>
            <line hits="4" number="69"/>
            <line hits="4" number="70"/>
            <line hits="4" number="71"/>
            <line hits="4" number="72"/>
          </lines>
        </class>
        <class branch-rate="NaN" complexity="NaN" filename="classes/src/MassiveBodies/SphericalMass/test/SphericalMass_test.m" line-rate="1" name="SphericalMass_test">
          <methods>
            <method branch-rate="NaN" line-rate="1" name="checkConstructor_0args" signature="checkConstructor_0args(testCase)">
              <lines>
                <line hits="1" number="15"/>
                <line hits="1" number="16"/>
                <line hits="1" number="17"/>
                <line hits="1" number="18"/>
                <line hits="1" number="19"/>
                <line hits="1" number="20"/>
                <line hits="1" number="22"/>
                <line hits="1" number="24"/>
                <line hits="1" number="25"/>
              </lines>
            </method>
            <method branch-rate="NaN" line-rate="1" name="checkConstructor_2args" signature="checkConstructor_2args(testCase)">
              <lines>
                <line hits="1" number="30"/>
                <line hits="1" number="31"/>
                <line hits="1" number="32"/>
                <line hits="1" number="33"/>
                <line hits="1" number="34"/>
                <line hits="1" number="35"/>
                <line hits="1" number="37"/>
                <line hits="1" number="39"/>
                <line hits="1" number="40"/>
              </lines>
            </method>
            <method branch-rate="NaN" line-rate="1" name="checkConstructor_4args" signature="checkConstructor_4args(testCase)">
              <lines>
                <line hits="1" number="45"/>
                <line hits="1" number="46"/>
                <line hits="1" number="47"/>
                <line hits="1" number="48"/>
                <line hits="1" number="49"/>
                <line hits="1" number="50"/>
                <line hits="1" number="52"/>
                <line hits="1" number="54"/>
                <line hits="1" number="55"/>
              </lines>
            </method>
            <method branch-rate="NaN" line-rate="1" name="checkConstructor_6args" signature="checkConstructor_6args(testCase)">
              <lines>
                <line hits="1" number="60"/>
                <line hits="1" number="61"/>
                <line hits="1" number="62"/>
                <line hits="1" number="63"/>
                <line hits="1" number="64"/>
                <line hits="1" number="65"/>
                <line hits="1" number="67"/>
                <line hits="1" number="68"/>
                <line hits="1" number="70"/>
                <line hits="1" number="71"/>
              </lines>
            </method>
            <method branch-rate="NaN" line-rate="1" name="checkRadius" signature="checkRadius(testCase)">
              <lines>
                <line hits="1" number="75"/>
                <line hits="1" number="77"/>
                <line hits="1" number="78"/>
                <line hits="1" number="80"/>
                <line hits="1" number="81"/>
                <line hits="1" number="82"/>
                <line hits="1" number="84"/>
                <line hits="1" number="85"/>
              </lines>
            </method>
            <method branch-rate="NaN" line-rate="1" name="checkForceDensityXdirectionOutsideSphere" signature="checkForceDensityXdirectionOutsideSphere(testCase, deltaPos)">
              <lines>
                <line hits="8" number="89"/>
                <line hits="8" number="90"/>
                <line hits="8" number="94"/>
                <line hits="8" number="95"/>
                <line hits="8" number="96"/>
                <line hits="8" number="98"/>
                <line hits="8" number="99"/>
                <line hits="8" number="101"/>
                <line hits="8" number="102"/>
                <line hits="8" number="103"/>
                <line hits="8" number="105"/>
                <line hits="8" number="107"/>
                <line hits="8" number="108"/>
                <line hits="8" number="109"/>
                <line hits="8" number="110"/>
                <line hits="8" number="111"/>
                <line hits="8" number="113"/>
                <line hits="8" number="114"/>
                <line hits="8" number="115"/>
              </lines>
            </method>
            <method branch-rate="NaN" line-rate="1" name="checkForceDensityYDirectionOutsideSphere" signature="checkForceDensityYDirectionOutsideSphere(testCase, deltaPos)">
              <lines>
                <line hits="8" number="119"/>
                <line hits="8" number="120"/>
                <line hits="8" number="124"/>
                <line hits="8" number="125"/>
                <line hits="8" number="126"/>
                <line hits="8" number="128"/>
                <line hits="8" number="129"/>
                <line hits="8" number="131"/>
                <line hits="8" number="132"/>
                <line hits="8" number="133"/>
                <line hits="8" number="135"/>
                <line hits="8" number="137"/>
                <line hits="8" number="138"/>
                <line hits="8" number="139"/>
                <line hits="8" number="140"/>
                <line hits="8" number="141"/>
                <line hits="8" number="143"/>
                <line hits="8" number="144"/>
                <line hits="8" number="145"/>
              </lines>
            </method>
            <method branch-rate="NaN" line-rate="1" name="checkForceDensityXdirectionInsideSphere" signature="checkForceDensityXdirectionInsideSphere(testCase, deltaPos)">
              <lines>
                <line hits="8" number="149"/>
                <line hits="8" number="150"/>
                <line hits="8" number="154"/>
                <line hits="8" number="155"/>
                <line hits="8" number="156"/>
                <line hits="8" number="158"/>
                <line hits="8" number="159"/>
                <line hits="8" number="161"/>
                <line hits="8" number="162"/>
                <line hits="8" number="163"/>
                <line hits="8" number="165"/>
                <line hits="8" number="167"/>
                <line hits="8" number="168"/>
                <line hits="8" number="169"/>
                <line hits="8" number="170"/>
                <line hits="8" number="171"/>
                <line hits="8" number="172"/>
                <line hits="8" number="174"/>
                <line hits="8" number="175"/>
                <line hits="8" number="176"/>
              </lines>
            </method>
            <method branch-rate="NaN" line-rate="1" name="checkForceDensitYdirectionInsideSphere" signature="checkForceDensitYdirectionInsideSphere(testCase, deltaPos)">
              <lines>
                <line hits="8" number="180"/>
                <line hits="8" number="181"/>
                <line hits="8" number="185"/>
                <line hits="8" number="186"/>
                <line hits="8" number="187"/>
                <line hits="8" number="189"/>
                <line hits="8" number="190"/>
                <line hits="8" number="192"/>
                <line hits="8" number="193"/>
                <line hits="8" number="194"/>
                <line hits="8" number="196"/>
                <line hits="8" number="198"/>
                <line hits="8" number="199"/>
                <line hits="8" number="200"/>
                <line hits="8" number="201"/>
                <line hits="8" number="202"/>
                <line hits="8" number="203"/>
                <line hits="8" number="205"/>
                <line hits="8" number="206"/>
                <line hits="8" number="207"/>
              </lines>
            </method>
            <method branch-rate="NaN" line-rate="1" name="verifySphericalMassProperties" signature="verifySphericalMassProperties(testCase, massIn, expPosX, expPosY, expVelX, expVelY, expMass, expDensity)">
              <lines>
                <line hits="4" number="217"/>
                <line hits="4" number="218"/>
                <line hits="4" number="219"/>
                <line hits="4" number="220"/>
                <line hits="4" number="221"/>
                <line hits="4" number="222"/>
                <line hits="4" number="224"/>
                <line hits="4" number="225"/>
                <line hits="4" number="226"/>
                <line hits="4" number="227"/>
                <line hits="4" number="228"/>
                <line hits="4" number="229"/>
              </lines>
            </method>
          </methods>
          <lines>
            <line hits="1" number="15"/>
            <line hits="1" number="16"/>
            <line hits="1" number="17"/>
            <line hits="1" number="18"/>
            <line hits="1" number="19"/>
            <line hits="1" number="20"/>
            <line hits="1" number="22"/>
            <line hits="1" number="24"/>
            <line hits="1" number="25"/>
            <line hits="1" number="30"/>
            <line hits="1" number="31"/>
            <line hits="1" number="32"/>
            <line hits="1" number="33"/>
            <line hits="1" number="34"/>
            <line hits="1" number="35"/>
            <line hits="1" number="37"/>
            <line hits="1" number="39"/>
            <line hits="1" number="40"/>
            <line hits="1" number="45"/>
            <line hits="1" number="46"/>
            <line hits="1" number="47"/>
            <line hits="1" number="48"/>
            <line hits="1" number="49"/>
            <line hits="1" number="50"/>
            <line hits="1" number="52"/>
            <line hits="1" number="54"/>
            <line hits="1" number="55"/>
            <line hits="1" number="60"/>
            <line hits="1" number="61"/>
            <line hits="1" number="62"/>
            <line hits="1" number="63"/>
            <line hits="1" number="64"/>
            <line hits="1" number="65"/>
            <line hits="1" number="67"/>
            <line hits="1" number="68"/>
            <line hits="1" number="70"/>
            <line hits="1" number="71"/>
            <line hits="1" number="75"/>
            <line hits="1" number="77"/>
            <line hits="1" number="78"/>
            <line hits="1" number="80"/>
            <line hits="1" number="81"/>
            <line hits="1" number="82"/>
            <line hits="1" number="84"/>
            <line hits="1" number="85"/>
            <line hits="8" number="89"/>
            <line hits="8" number="90"/>
            <line hits="8" number="94"/>
            <line hits="8" number="95"/>
            <line hits="8" number="96"/>
            <line hits="8" number="98"/>
            <line hits="8" number="99"/>
            <line hits="8" number="101"/>
            <line hits="8" number="102"/>
            <line hits="8" number="103"/>
            <line hits="8" number="105"/>
            <line hits="8" number="107"/>
            <line hits="8" number="108"/>
            <line hits="8" number="109"/>
            <line hits="8" number="110"/>
            <line hits="8" number="111"/>
            <line hits="8" number="113"/>
            <line hits="8" number="114"/>
            <line hits="8" number="115"/>
            <line hits="8" number="119"/>
            <line hits="8" number="120"/>
            <line hits="8" number="124"/>
            <line hits="8" number="125"/>
            <line hits="8" number="126"/>
            <line hits="8" number="128"/>
            <line hits="8" number="129"/>
            <line hits="8" number="131"/>
            <line hits="8" number="132"/>
            <line hits="8" number="133"/>
            <line hits="8" number="135"/>
            <line hits="8" number="137"/>
            <line hits="8" number="138"/>
            <line hits="8" number="139"/>
            <line hits="8" number="140"/>
            <line hits="8" number="141"/>
            <line hits="8" number="143"/>
            <line hits="8" number="144"/>
            <line hits="8" number="145"/>
            <line hits="8" number="149"/>
            <line hits="8" number="150"/>
            <line hits="8" number="154"/>
            <line hits="8" number="155"/>
            <line hits="8" number="156"/>
            <line hits="8" number="158"/>
            <line hits="8" number="159"/>
            <line hits="8" number="161"/>
            <line hits="8" number="162"/>
            <line hits="8" number="163"/>
            <line hits="8" number="165"/>
            <line hits="8" number="167"/>
            <line hits="8" number="168"/>
            <line hits="8" number="169"/>
            <line hits="8" number="170"/>
            <line hits="8" number="171"/>
            <line hits="8" number="172"/>
            <line hits="8" number="174"/>
            <line hits="8" number="175"/>
            <line hits="8" number="176"/>
            <line hits="8" number="180"/>
            <line hits="8" number="181"/>
            <line hits="8" number="185"/>
            <line hits="8" number="186"/>
            <line hits="8" number="187"/>
            <line hits="8" number="189"/>
            <line hits="8" number="190"/>
            <line hits="8" number="192"/>
            <line hits="8" number="193"/>
            <line hits="8" number="194"/>
            <line hits="8" number="196"/>
            <line hits="8" number="198"/>
            <line hits="8" number="199"/>
            <line hits="8" number="200"/>
            <line hits="8" number="201"/>
            <line hits="8" number="202"/>
            <line hits="8" number="203"/>
            <line hits="8" number="205"/>
            <line hits="8" number="206"/>
            <line hits="8" number="207"/>
            <line hits="4" number="217"/>
            <line hits="4" number="218"/>
            <line hits="4" number="219"/>
            <line hits="4" number="220"/>
            <line hits="4" number="221"/>
            <line hits="4" number="222"/>
            <line hits="4" number="224"/>
            <line hits="4" number="225"/>
            <line hits="4" number="226"/>
            <line hits="4" number="227"/>
            <line hits="4" number="228"/>
            <line hits="4" number="229"/>
          </lines>
        </class>
        <class branch-rate="NaN" complexity="NaN" filename="classes/src/Universe/Universe.m" line-rate="0.89474" name="Universe">
          <methods>
            <method branch-rate="NaN" line-rate="1" name="Universe" signature="obj = Universe(varargin)">
              <lines>
                <line hits="4010" number="14"/>
                <line hits="8018" number="15"/>
              </lines>
            </method>
            <method branch-rate="NaN" line-rate="1" name="addMassiveBody" signature="obj = addMassiveBody(obj, newMassiveBody)">
              <lines>
                <line hits="8020" number="28"/>
              </lines>
            </method>
            <method branch-rate="NaN" line-rate="1" name="calculateDeltaT" signature="deltaT = calculateDeltaT(obj, dT)">
              <lines>
                <line hits="4005" number="48"/>
                <line hits="4005" number="49"/>
                <line hits="4005" number="50"/>
                <line hits="8010" number="54"/>
                <line hits="8010" number="55"/>
                <line hits="8010" number="56"/>
                <line hits="16020" number="57"/>
                <line hits="8010" number="58"/>
                <line hits="8010" number="59"/>
                <line hits="8010" number="65"/>
              </lines>
            </method>
            <method branch-rate="NaN" line-rate="1" name="timePropagateUniverse" signature="obj = timePropagateUniverse(obj, dT)">
              <lines>
                <line hits="1001" number="77"/>
                <line hits="1001" number="79"/>
                <line hits="1001" number="80"/>
                <line hits="1001" number="82"/>
                <line hits="1001" number="83"/>
                <line hits="1001" number="85"/>
                <line hits="1001" number="86"/>
                <line hits="1001" number="88"/>
                <line hits="1001" number="89"/>
              </lines>
            </method>
            <method branch-rate="NaN" line-rate="1" name="getNumberMassiveBodies" signature="num = getNumberMassiveBodies(obj)">
              <lines>
                <line hits="40051" number="94"/>
              </lines>
            </method>
            <method branch-rate="NaN" line-rate="0.66667" name="getMassiveBody" signature="massiveBody = getMassiveBody(obj, bodyIdx)">
              <lines>
                <line hits="28034" number="103"/>
                <line hits="28034" number="104"/>
                <line hits="0" number="106"/>
              </lines>
            </method>
            <method branch-rate="NaN" line-rate="0.85714" name="plus" signature="objReturn = plus(obj1, obj2)">
              <lines>
                <line hits="4005" number="111"/>
                <line hits="4005" number="113"/>
                <line hits="4005" number="114"/>
                <line hits="8010" number="115"/>
                <line hits="8010" number="116"/>
                <line hits="4005" number="118"/>
                <line hits="0" number="120"/>
              </lines>
            </method>
            <method branch-rate="NaN" line-rate="0" name="plot" signature="plot(obj)">
              <lines>
                <line hits="0" number="125"/>
                <line hits="0" number="126"/>
              </lines>
            </method>
          </methods>
          <lines>
            <line hits="4010" number="14"/>
            <line hits="8018" number="15"/>
            <line hits="8020" number="28"/>
            <line hits="4005" number="45"/>
            <line hits="4005" number="48"/>
            <line hits="4005" number="49"/>
            <line hits="4005" number="50"/>
            <line hits="8010" number="54"/>
            <line hits="8010" number="55"/>
            <line hits="8010" number="56"/>
            <line hits="16020" number="57"/>
            <line hits="8010" number="58"/>
            <line hits="8010" number="59"/>
            <line hits="8010" number="65"/>
            <line hits="1001" number="74"/>
            <line hits="1001" number="77"/>
            <line hits="1001" number="79"/>
            <line hits="1001" number="80"/>
            <line hits="1001" number="82"/>
            <line hits="1001" number="83"/>
            <line hits="1001" number="85"/>
            <line hits="1001" number="86"/>
            <line hits="1001" number="88"/>
            <line hits="1001" number="89"/>
            <line hits="40051" number="94"/>
            <line hits="28034" number="101"/>
            <line hits="28034" number="103"/>
            <line hits="28034" number="104"/>
            <line hits="0" number="106"/>
            <line hits="4005" number="111"/>
            <line hits="4005" number="113"/>
            <line hits="4005" number="114"/>
            <line hits="8010" number="115"/>
            <line hits="8010" number="116"/>
            <line hits="4005" number="118"/>
            <line hits="0" number="120"/>
            <line hits="0" number="125"/>
            <line hits="0" number="126"/>
          </lines>
        </class>
        <class branch-rate="NaN" complexity="NaN" filename="classes/src/Universe/UniverseDelta.m" line-rate="0.70833" name="UniverseDelta">
          <methods>
            <method branch-rate="NaN" line-rate="0.5" name="UniverseDelta" signature="obj = UniverseDelta(varargin)">
              <lines>
                <line hits="12013" number="12"/>
                <line hits="0" number="13"/>
              </lines>
            </method>
            <method branch-rate="NaN" line-rate="1" name="addDelta" signature="obj = addDelta(obj, newDelta)">
              <lines>
                <line hits="24026" number="22"/>
              </lines>
            </method>
            <method branch-rate="NaN" line-rate="0.7" name="plus" signature="objReturn = plus(obj1, obj2)">
              <lines>
                <line hits="3003" number="26"/>
                <line hits="0" number="27"/>
                <line hits="3003" number="28"/>
                <line hits="3003" number="30"/>
                <line hits="3003" number="31"/>
                <line hits="3003" number="32"/>
                <line hits="6006" number="33"/>
                <line hits="6006" number="34"/>
                <line hits="0" number="37"/>
                <line hits="0" number="40"/>
              </lines>
            </method>
            <method branch-rate="NaN" line-rate="0.72727" name="mtimes" signature="objReturn = mtimes(obj1, obj2)">
              <lines>
                <line hits="5005" number="45"/>
                <line hits="0" number="46"/>
                <line hits="0" number="47"/>
                <line hits="5005" number="48"/>
                <line hits="5005" number="49"/>
                <line hits="5005" number="50"/>
                <line hits="0" number="52"/>
                <line hits="5005" number="55"/>
                <line hits="5005" number="56"/>
                <line hits="10010" number="57"/>
                <line hits="10010" number="58"/>
              </lines>
            </method>
          </methods>
          <lines>
            <line hits="12013" number="12"/>
            <line hits="0" number="13"/>
            <line hits="24026" number="22"/>
            <line hits="3003" number="26"/>
            <line hits="0" number="27"/>
            <line hits="3003" number="28"/>
            <line hits="3003" number="30"/>
            <line hits="3003" number="31"/>
            <line hits="3003" number="32"/>
            <line hits="6006" number="33"/>
            <line hits="6006" number="34"/>
            <line hits="0" number="37"/>
            <line hits="0" number="40"/>
            <line hits="5005" number="45"/>
            <line hits="0" number="46"/>
            <line hits="0" number="47"/>
            <line hits="5005" number="48"/>
            <line hits="5005" number="49"/>
            <line hits="5005" number="50"/>
            <line hits="0" number="52"/>
            <line hits="5005" number="55"/>
            <line hits="5005" number="56"/>
            <line hits="10010" number="57"/>
            <line hits="10010" number="58"/>
          </lines>
        </class>
        <class branch-rate="NaN" complexity="NaN" filename="classes/src/Universe/test/Universe_test.m" line-rate="1" name="Universe_test">
          <methods>
            <method branch-rate="NaN" line-rate="1" name="checkUniverseConstructor" signature="checkUniverseConstructor(testCase)">
              <lines>
                <line hits="1" number="16"/>
                <line hits="1" number="17"/>
                <line hits="1" number="18"/>
                <line hits="1" number="19"/>
                <line hits="1" number="20"/>
                <line hits="1" number="23"/>
                <line hits="1" number="24"/>
                <line hits="1" number="25"/>
                <line hits="1" number="26"/>
                <line hits="1" number="27"/>
                <line hits="1" number="29"/>
                <line hits="1" number="31"/>
              </lines>
            </method>
            <method branch-rate="NaN" line-rate="1" name="checkUniverseAddMassiveBody" signature="checkUniverseAddMassiveBody(testCase)">
              <lines>
                <line hits="1" number="40"/>
                <line hits="1" number="41"/>
                <line hits="1" number="42"/>
                <line hits="1" number="43"/>
                <line hits="1" number="44"/>
                <line hits="1" number="47"/>
                <line hits="1" number="48"/>
                <line hits="1" number="49"/>
                <line hits="1" number="50"/>
                <line hits="1" number="51"/>
                <line hits="1" number="53"/>
                <line hits="1" number="54"/>
                <line hits="1" number="55"/>
                <line hits="1" number="57"/>
              </lines>
            </method>
            <method branch-rate="NaN" line-rate="1" name="checkCalculateDeltaT" signature="checkCalculateDeltaT(testCase)">
              <lines>
                <line hits="1" number="67"/>
                <line hits="1" number="70"/>
                <line hits="1" number="71"/>
                <line hits="1" number="72"/>
                <line hits="1" number="73"/>
                <line hits="1" number="74"/>
                <line hits="1" number="77"/>
                <line hits="1" number="78"/>
                <line hits="1" number="79"/>
                <line hits="1" number="80"/>
                <line hits="1" number="81"/>
                <line hits="1" number="84"/>
                <line hits="1" number="85"/>
                <line hits="1" number="88"/>
                <line hits="1" number="89"/>
                <line hits="1" number="90"/>
                <line hits="1" number="91"/>
                <line hits="1" number="92"/>
                <line hits="1" number="95"/>
                <line hits="1" number="96"/>
                <line hits="1" number="97"/>
                <line hits="1" number="98"/>
                <line hits="1" number="99"/>
                <line hits="1" number="101"/>
                <line hits="1" number="102"/>
                <line hits="1" number="104"/>
              </lines>
            </method>
            <method branch-rate="NaN" line-rate="1" name="checkTimePropagateUniverse" signature="checkTimePropagateUniverse(testCase)">
              <lines>
                <line hits="1" number="115"/>
                <line hits="1" number="118"/>
                <line hits="1" number="119"/>
                <line hits="1" number="120"/>
                <line hits="1" number="121"/>
                <line hits="1" number="122"/>
                <line hits="1" number="125"/>
                <line hits="1" number="126"/>
                <line hits="1" number="127"/>
                <line hits="1" number="128"/>
                <line hits="1" number="129"/>
                <line hits="1" number="132"/>
                <line hits="1" number="133"/>
                <line hits="1" number="136"/>
                <line hits="1" number="137"/>
                <line hits="1" number="138"/>
                <line hits="1" number="139"/>
                <line hits="1" number="140"/>
                <line hits="1" number="143"/>
                <line hits="1" number="144"/>
                <line hits="1" number="145"/>
                <line hits="1" number="146"/>
                <line hits="1" number="147"/>
                <line hits="1" number="149"/>
                <line hits="1" number="150"/>
                <line hits="1" number="152"/>
              </lines>
            </method>
            <method branch-rate="NaN" line-rate="1" name="verifyUniverse" signature="verifyUniverse(testCase, tolerance, universe, expMassSphere1, expMassSphere2)">
              <lines>
                <line hits="4" number="160"/>
                <line hits="4" number="161"/>
                <line hits="4" number="163"/>
                <line hits="4" number="164"/>
                <line hits="4" number="165"/>
                <line hits="4" number="166"/>
                <line hits="4" number="168"/>
                <line hits="4" number="169"/>
                <line hits="4" number="170"/>
                <line hits="4" number="171"/>
                <line hits="4" number="173"/>
                <line hits="4" number="175"/>
                <line hits="4" number="176"/>
                <line hits="4" number="177"/>
                <line hits="4" number="178"/>
                <line hits="4" number="180"/>
                <line hits="4" number="181"/>
                <line hits="4" number="182"/>
                <line hits="4" number="183"/>
                <line hits="4" number="185"/>
              </lines>
            </method>
          </methods>
          <lines>
            <line hits="1" number="16"/>
            <line hits="1" number="17"/>
            <line hits="1" number="18"/>
            <line hits="1" number="19"/>
            <line hits="1" number="20"/>
            <line hits="1" number="23"/>
            <line hits="1" number="24"/>
            <line hits="1" number="25"/>
            <line hits="1" number="26"/>
            <line hits="1" number="27"/>
            <line hits="1" number="29"/>
            <line hits="1" number="31"/>
            <line hits="1" number="40"/>
            <line hits="1" number="41"/>
            <line hits="1" number="42"/>
            <line hits="1" number="43"/>
            <line hits="1" number="44"/>
            <line hits="1" number="47"/>
            <line hits="1" number="48"/>
            <line hits="1" number="49"/>
            <line hits="1" number="50"/>
            <line hits="1" number="51"/>
            <line hits="1" number="53"/>
            <line hits="1" number="54"/>
            <line hits="1" number="55"/>
            <line hits="1" number="57"/>
            <line hits="1" number="67"/>
            <line hits="1" number="70"/>
            <line hits="1" number="71"/>
            <line hits="1" number="72"/>
            <line hits="1" number="73"/>
            <line hits="1" number="74"/>
            <line hits="1" number="77"/>
            <line hits="1" number="78"/>
            <line hits="1" number="79"/>
            <line hits="1" number="80"/>
            <line hits="1" number="81"/>
            <line hits="1" number="84"/>
            <line hits="1" number="85"/>
            <line hits="1" number="88"/>
            <line hits="1" number="89"/>
            <line hits="1" number="90"/>
            <line hits="1" number="91"/>
            <line hits="1" number="92"/>
            <line hits="1" number="95"/>
            <line hits="1" number="96"/>
            <line hits="1" number="97"/>
            <line hits="1" number="98"/>
            <line hits="1" number="99"/>
            <line hits="1" number="101"/>
            <line hits="1" number="102"/>
            <line hits="1" number="104"/>
            <line hits="1" number="115"/>
            <line hits="1" number="118"/>
            <line hits="1" number="119"/>
            <line hits="1" number="120"/>
            <line hits="1" number="121"/>
            <line hits="1" number="122"/>
            <line hits="1" number="125"/>
            <line hits="1" number="126"/>
            <line hits="1" number="127"/>
            <line hits="1" number="128"/>
            <line hits="1" number="129"/>
            <line hits="1" number="132"/>
            <line hits="1" number="133"/>
            <line hits="1" number="136"/>
            <line hits="1" number="137"/>
            <line hits="1" number="138"/>
            <line hits="1" number="139"/>
            <line hits="1" number="140"/>
            <line hits="1" number="143"/>
            <line hits="1" number="144"/>
            <line hits="1" number="145"/>
            <line hits="1" number="146"/>
            <line hits="1" number="147"/>
            <line hits="1" number="149"/>
            <line hits="1" number="150"/>
            <line hits="1" number="152"/>
            <line hits="4" number="160"/>
            <line hits="4" number="161"/>
            <line hits="4" number="163"/>
            <line hits="4" number="164"/>
            <line hits="4" number="165"/>
            <line hits="4" number="166"/>
            <line hits="4" number="168"/>
            <line hits="4" number="169"/>
            <line hits="4" number="170"/>
            <line hits="4" number="171"/>
            <line hits="4" number="173"/>
            <line hits="4" number="175"/>
            <line hits="4" number="176"/>
            <line hits="4" number="177"/>
            <line hits="4" number="178"/>
            <line hits="4" number="180"/>
            <line hits="4" number="181"/>
            <line hits="4" number="182"/>
            <line hits="4" number="183"/>
            <line hits="4" number="185"/>
          </lines>
        </class>
        <class branch-rate="NaN" complexity="NaN" filename="classes/src/UniverseSimulation/UniverseSimulation.m" line-rate="0.52459" name="UniverseSimulation">
          <methods>
            <method branch-rate="NaN" line-rate="NaN" name="UniverseSimulation" signature="obj = UniverseSimulation()">
              <lines/>
            </method>
            <method branch-rate="NaN" line-rate="0.93333" name="runSimulation" signature="obj = runSimulation(obj, initialUniverse, startTime, dT, endTime)">
              <lines>
                <line hits="1" number="34"/>
                <line hits="1" number="36"/>
                <line hits="1" number="37"/>
                <line hits="1" number="40"/>
                <line hits="1" number="41"/>
                <line hits="1" number="42"/>
                <line hits="1" number="43"/>
                <line hits="1" number="44"/>
                <line hits="1" number="47"/>
                <line hits="1" number="48"/>
                <line hits="1" number="49"/>
                <line hits="1000" number="50"/>
                <line hits="1000" number="51"/>
                <line hits="1000" number="52"/>
                <line hits="0" number="55"/>
              </lines>
            </method>
            <method branch-rate="NaN" line-rate="1" name="getNumberTimeframes" signature="num = getNumberTimeframes(obj)">
              <lines>
                <line hits="2007" number="61"/>
              </lines>
            </method>
            <method branch-rate="NaN" line-rate="0.66667" name="getSingleTimeframe" signature="universe = getSingleTimeframe(obj, timeIdx)">
              <lines>
                <line hits="2004" number="75"/>
                <line hits="2004" number="76"/>
                <line hits="0" number="78"/>
              </lines>
            </method>
            <method branch-rate="NaN" line-rate="0.8" name="getCurveSingleMassiveBody" signature="[x, y] = getCurveSingleMassiveBody(obj, bodyIdx, startTimeIdx, endTimeIdx)">
              <lines>
                <line hits="2" number="101"/>
                <line hits="2" number="102"/>
                <line hits="2" number="103"/>
                <line hits="2" number="104"/>
                <line hits="2" number="108"/>
                <line hits="2002" number="109"/>
                <line hits="2002" number="110"/>
                <line hits="2002" number="111"/>
                <line hits="0" number="114"/>
                <line hits="0" number="117"/>
              </lines>
            </method>
            <method branch-rate="NaN" line-rate="0" name="plot" signature="plot(obj)">
              <lines>
                <line hits="0" number="124"/>
                <line hits="0" number="125"/>
                <line hits="0" number="127"/>
                <line hits="0" number="128"/>
                <line hits="0" number="129"/>
                <line hits="0" number="130"/>
                <line hits="0" number="131"/>
                <line hits="0" number="132"/>
                <line hits="0" number="133"/>
                <line hits="0" number="134"/>
                <line hits="0" number="135"/>
              </lines>
            </method>
            <method branch-rate="NaN" line-rate="0" name="plotFrames" signature="plotFrames(obj, nPlots, xLimit, yLimit)">
              <lines>
                <line hits="0" number="146"/>
                <line hits="0" number="147"/>
                <line hits="0" number="148"/>
                <line hits="0" number="150"/>
                <line hits="0" number="151"/>
                <line hits="0" number="152"/>
                <line hits="0" number="154"/>
                <line hits="0" number="155"/>
                <line hits="0" number="156"/>
                <line hits="0" number="157"/>
                <line hits="0" number="158"/>
                <line hits="0" number="159"/>
                <line hits="0" number="160"/>
                <line hits="0" number="161"/>
              </lines>
            </method>
          </methods>
          <lines>
            <line hits="1" number="29"/>
            <line hits="1" number="30"/>
            <line hits="1" number="31"/>
            <line hits="1" number="34"/>
            <line hits="1" number="36"/>
            <line hits="1" number="37"/>
            <line hits="1" number="40"/>
            <line hits="1" number="41"/>
            <line hits="1" number="42"/>
            <line hits="1" number="43"/>
            <line hits="1" number="44"/>
            <line hits="1" number="47"/>
            <line hits="1" number="48"/>
            <line hits="1" number="49"/>
            <line hits="1000" number="50"/>
            <line hits="1000" number="51"/>
            <line hits="1000" number="52"/>
            <line hits="0" number="55"/>
            <line hits="2007" number="61"/>
            <line hits="2004" number="73"/>
            <line hits="2004" number="75"/>
            <line hits="2004" number="76"/>
            <line hits="0" number="78"/>
            <line hits="2" number="96"/>
            <line hits="2" number="97"/>
            <line hits="2" number="98"/>
            <line hits="2" number="101"/>
            <line hits="2" number="102"/>
            <line hits="2" number="103"/>
            <line hits="2" number="104"/>
            <line hits="2" number="108"/>
            <line hits="2002" number="109"/>
            <line hits="2002" number="110"/>
            <line hits="2002" number="111"/>
            <line hits="0" number="114"/>
            <line hits="0" number="117"/>
            <line hits="0" number="124"/>
            <line hits="0" number="125"/>
            <line hits="0" number="127"/>
            <line hits="0" number="128"/>
            <line hits="0" number="129"/>
            <line hits="0" number="130"/>
            <line hits="0" number="131"/>
            <line hits="0" number="132"/>
            <line hits="0" number="133"/>
            <line hits="0" number="134"/>
            <line hits="0" number="135"/>
            <line hits="0" number="146"/>
            <line hits="0" number="147"/>
            <line hits="0" number="148"/>
            <line hits="0" number="150"/>
            <line hits="0" number="151"/>
            <line hits="0" number="152"/>
            <line hits="0" number="154"/>
            <line hits="0" number="155"/>
            <line hits="0" number="156"/>
            <line hits="0" number="157"/>
            <line hits="0" number="158"/>
            <line hits="0" number="159"/>
            <line hits="0" number="160"/>
            <line hits="0" number="161"/>
          </lines>
        </class>
        <class branch-rate="NaN" complexity="NaN" filename="classes/src/UniverseSimulation/test/UniverseSimulationIntegration_test.m" line-rate="1" name="UniverseSimulationIntegration_test">
          <methods>
            <method branch-rate="NaN" line-rate="1" name="twoBodyCirculation" signature="twoBodyCirculation(testCase)">
              <lines>
                <line hits="1" number="18"/>
                <line hits="1" number="19"/>
                <line hits="1" number="20"/>
                <line hits="1" number="24"/>
                <line hits="1" number="25"/>
                <line hits="1" number="26"/>
                <line hits="1" number="28"/>
                <line hits="1" number="32"/>
                <line hits="1" number="33"/>
                <line hits="1" number="36"/>
                <line hits="1" number="37"/>
                <line hits="1" number="38"/>
                <line hits="1" number="39"/>
                <line hits="1" number="40"/>
                <line hits="1" number="43"/>
                <line hits="1" number="44"/>
                <line hits="1" number="45"/>
                <line hits="1" number="46"/>
                <line hits="1" number="47"/>
                <line hits="1" number="50"/>
                <line hits="1" number="51"/>
                <line hits="1" number="53"/>
                <line hits="1" number="55"/>
                <line hits="1" number="56"/>
                <line hits="1" number="59"/>
                <line hits="1" number="60"/>
                <line hits="1" number="61"/>
                <line hits="1" number="63"/>
                <line hits="1" number="64"/>
              </lines>
            </method>
            <method branch-rate="NaN" line-rate="1" name="verifyRadialCurve" signature="verifyRadialCurve(testCase, xCurve, yCurve, expectedRadius)">
              <lines>
                <line hits="2" number="71"/>
                <line hits="2" number="72"/>
                <line hits="2" number="73"/>
                <line hits="2" number="75"/>
                <line hits="2" number="76"/>
              </lines>
            </method>
          </methods>
          <lines>
            <line hits="1" number="18"/>
            <line hits="1" number="19"/>
            <line hits="1" number="20"/>
            <line hits="1" number="24"/>
            <line hits="1" number="25"/>
            <line hits="1" number="26"/>
            <line hits="1" number="28"/>
            <line hits="1" number="32"/>
            <line hits="1" number="33"/>
            <line hits="1" number="36"/>
            <line hits="1" number="37"/>
            <line hits="1" number="38"/>
            <line hits="1" number="39"/>
            <line hits="1" number="40"/>
            <line hits="1" number="43"/>
            <line hits="1" number="44"/>
            <line hits="1" number="45"/>
            <line hits="1" number="46"/>
            <line hits="1" number="47"/>
            <line hits="1" number="50"/>
            <line hits="1" number="51"/>
            <line hits="1" number="53"/>
            <line hits="1" number="55"/>
            <line hits="1" number="56"/>
            <line hits="1" number="59"/>
            <line hits="1" number="60"/>
            <line hits="1" number="61"/>
            <line hits="1" number="63"/>
            <line hits="1" number="64"/>
            <line hits="2" number="71"/>
            <line hits="2" number="72"/>
            <line hits="2" number="73"/>
            <line hits="2" number="75"/>
            <line hits="2" number="76"/>
          </lines>
        </class>
        <class branch-rate="NaN" complexity="NaN" filename="simulations/sunEarthJupiterGallileanMoonsSimulation.m" line-rate="0" name="sunEarthJupiterGallileanMoonsSimulation">
          <methods/>
          <lines>
            <line hits="0" number="8"/>
            <line hits="0" number="10"/>
            <line hits="0" number="13"/>
            <line hits="0" number="14"/>
            <line hits="0" number="15"/>
            <line hits="0" number="18"/>
            <line hits="0" number="19"/>
            <line hits="0" number="20"/>
            <line hits="0" number="21"/>
            <line hits="0" number="22"/>
            <line hits="0" number="23"/>
            <line hits="0" number="24"/>
            <line hits="0" number="27"/>
            <line hits="0" number="28"/>
            <line hits="0" number="29"/>
            <line hits="0" number="30"/>
            <line hits="0" number="31"/>
            <line hits="0" number="32"/>
            <line hits="0" number="33"/>
            <line hits="0" number="36"/>
            <line hits="0" number="37"/>
            <line hits="0" number="38"/>
            <line hits="0" number="39"/>
            <line hits="0" number="40"/>
            <line hits="0" number="41"/>
            <line hits="0" number="42"/>
            <line hits="0" number="45"/>
            <line hits="0" number="46"/>
            <line hits="0" number="47"/>
            <line hits="0" number="48"/>
            <line hits="0" number="49"/>
            <line hits="0" number="50"/>
            <line hits="0" number="51"/>
            <line hits="0" number="54"/>
            <line hits="0" number="55"/>
            <line hits="0" number="56"/>
            <line hits="0" number="57"/>
            <line hits="0" number="58"/>
            <line hits="0" number="59"/>
            <line hits="0" number="60"/>
            <line hits="0" number="63"/>
            <line hits="0" number="64"/>
            <line hits="0" number="65"/>
            <line hits="0" number="66"/>
            <line hits="0" number="67"/>
            <line hits="0" number="68"/>
            <line hits="0" number="69"/>
            <line hits="0" number="72"/>
            <line hits="0" number="73"/>
            <line hits="0" number="74"/>
            <line hits="0" number="75"/>
            <line hits="0" number="76"/>
            <line hits="0" number="77"/>
            <line hits="0" number="78"/>
            <line hits="0" number="81"/>
            <line hits="0" number="82"/>
            <line hits="0" number="85"/>
            <line hits="0" number="86"/>
            <line hits="0" number="89"/>
            <line hits="0" number="90"/>
            <line hits="0" number="91"/>
            <line hits="0" number="92"/>
            <line hits="0" number="93"/>
            <line hits="0" number="94"/>
            <line hits="0" number="96"/>
            <line hits="0" number="97"/>
            <line hits="0" number="98"/>
            <line hits="0" number="99"/>
          </lines>
        </class>
        <class branch-rate="NaN" complexity="NaN" filename="simulations/sunEarthMoonSimulation.m" line-rate="0" name="sunEarthMoonSimulation">
          <methods/>
          <lines>
            <line hits="0" number="8"/>
            <line hits="0" number="10"/>
            <line hits="0" number="13"/>
            <line hits="0" number="14"/>
            <line hits="0" number="15"/>
            <line hits="0" number="18"/>
            <line hits="0" number="19"/>
            <line hits="0" number="20"/>
            <line hits="0" number="21"/>
            <line hits="0" number="22"/>
            <line hits="0" number="23"/>
            <line hits="0" number="24"/>
            <line hits="0" number="27"/>
            <line hits="0" number="28"/>
            <line hits="0" number="29"/>
            <line hits="0" number="30"/>
            <line hits="0" number="31"/>
            <line hits="0" number="32"/>
            <line hits="0" number="33"/>
            <line hits="0" number="36"/>
            <line hits="0" number="37"/>
            <line hits="0" number="38"/>
            <line hits="0" number="39"/>
            <line hits="0" number="40"/>
            <line hits="0" number="41"/>
            <line hits="0" number="42"/>
            <line hits="0" number="43"/>
            <line hits="0" number="46"/>
            <line hits="0" number="49"/>
            <line hits="0" number="50"/>
            <line hits="0" number="53"/>
            <line hits="0" number="54"/>
            <line hits="0" number="55"/>
            <line hits="0" number="56"/>
            <line hits="0" number="57"/>
            <line hits="0" number="58"/>
            <line hits="0" number="60"/>
            <line hits="0" number="61"/>
            <line hits="0" number="62"/>
            <line hits="0" number="63"/>
          </lines>
        </class>
      </classes>
    </package>
  </packages>
</coverage>
